[debug] [2021-05-24T19:37:25.899Z] ----------------------------------------------------------------------
[debug] [2021-05-24T19:37:25.901Z] Command:       /Users/apple/.nvm/versions/node/v14.17.0/bin/node /Users/apple/.nvm/versions/node/v14.17.0/bin/firebase deploy
[debug] [2021-05-24T19:37:25.901Z] CLI Version:   9.11.0
[debug] [2021-05-24T19:37:25.901Z] Platform:      darwin
[debug] [2021-05-24T19:37:25.901Z] Node Version:  v14.17.0
[debug] [2021-05-24T19:37:25.902Z] Time:          Tue May 25 2021 01:07:25 GMT+0530 (India Standard Time)
[debug] [2021-05-24T19:37:25.902Z] ----------------------------------------------------------------------
[debug] 
[debug] [2021-05-24T19:37:25.911Z] > command requires scopes: ["email","openid","https://www.googleapis.com/auth/cloudplatformprojects.readonly","https://www.googleapis.com/auth/firebase","https://www.googleapis.com/auth/cloud-platform"]
[debug] [2021-05-24T19:37:25.911Z] > authorizing via signed-in user (zadfiyamilan112@gmail.com)
[debug] [2021-05-24T19:37:25.912Z] [iam] checking project clone-5ffb4 for permissions ["firebase.projects.get","firebasehosting.sites.update"]
[debug] [2021-05-24T19:37:25.914Z] >>> HTTP REQUEST POST https://cloudresourcemanager.googleapis.com/v1/projects/clone-5ffb4:testIamPermissions  
 {"permissions":["firebase.projects.get","firebasehosting.sites.update"]}
[debug] [2021-05-24T19:37:27.390Z] <<< HTTP RESPONSE 200 {"content-type":"application/json; charset=UTF-8","vary":"X-Origin, Referer, Origin,Accept-Encoding","date":"Mon, 24 May 2021 19:37:27 GMT","server":"ESF","cache-control":"private","x-xss-protection":"0","x-frame-options":"SAMEORIGIN","x-content-type-options":"nosniff","server-timing":"gfet4t7; dur=1303","alt-svc":"h3-29=\":443\"; ma=2592000,h3-T051=\":443\"; ma=2592000,h3-Q050=\":443\"; ma=2592000,h3-Q046=\":443\"; ma=2592000,h3-Q043=\":443\"; ma=2592000,quic=\":443\"; ma=2592000; v=\"46,43\"","accept-ranges":"none","transfer-encoding":"chunked"}
[debug] [2021-05-24T19:37:27.394Z] > refreshing access token with scopes: []
[debug] [2021-05-24T19:37:27.394Z] >>> HTTP REQUEST POST https://www.googleapis.com/oauth2/v3/token  
 <request body omitted>
[debug] [2021-05-24T19:37:27.573Z] <<< HTTP RESPONSE 200 {"pragma":"no-cache","expires":"Mon, 01 Jan 1990 00:00:00 GMT","cache-control":"no-cache, no-store, max-age=0, must-revalidate","date":"Mon, 24 May 2021 19:37:27 GMT","content-type":"application/json; charset=utf-8","vary":"X-Origin, Referer, Origin,Accept-Encoding","server":"scaffolding on HTTPServer2","x-xss-protection":"0","x-frame-options":"SAMEORIGIN","x-content-type-options":"nosniff","alt-svc":"h3-29=\":443\"; ma=2592000,h3-T051=\":443\"; ma=2592000,h3-Q050=\":443\"; ma=2592000,h3-Q046=\":443\"; ma=2592000,h3-Q043=\":443\"; ma=2592000,quic=\":443\"; ma=2592000; v=\"46,43\"","accept-ranges":"none","transfer-encoding":"chunked"}
[debug] [2021-05-24T19:37:27.590Z] >>> [apiv2][query] GET https://firebase.googleapis.com/v1beta1/projects/clone-5ffb4 [none]
[debug] [2021-05-24T19:37:27.989Z] <<< [apiv2][status] GET https://firebase.googleapis.com/v1beta1/projects/clone-5ffb4 200
[debug] [2021-05-24T19:37:27.989Z] <<< [apiv2][body] GET https://firebase.googleapis.com/v1beta1/projects/clone-5ffb4 {"projectId":"clone-5ffb4","projectNumber":"270470573540","displayName":"amazon-clone ","name":"projects/clone-5ffb4","resources":{"hostingSite":"clone-5ffb4"},"state":"ACTIVE"}
[info] 
[info] === Deploying to 'clone-5ffb4'...
[info] 
[info] i  deploying hosting 
[debug] [2021-05-24T19:37:27.994Z] > refreshing access token with scopes: ["email","https://www.googleapis.com/auth/cloud-platform","https://www.googleapis.com/auth/cloudplatformprojects.readonly","https://www.googleapis.com/auth/firebase","openid"]
[debug] [2021-05-24T19:37:27.994Z] >>> HTTP REQUEST POST https://www.googleapis.com/oauth2/v3/token  
 <request body omitted>
[debug] [2021-05-24T19:37:28.167Z] <<< HTTP RESPONSE 200 {"expires":"Mon, 01 Jan 1990 00:00:00 GMT","date":"Mon, 24 May 2021 19:37:28 GMT","cache-control":"no-cache, no-store, max-age=0, must-revalidate","pragma":"no-cache","content-type":"application/json; charset=utf-8","vary":"X-Origin, Referer, Origin,Accept-Encoding","server":"scaffolding on HTTPServer2","x-xss-protection":"0","x-frame-options":"SAMEORIGIN","x-content-type-options":"nosniff","alt-svc":"h3-29=\":443\"; ma=2592000,h3-T051=\":443\"; ma=2592000,h3-Q050=\":443\"; ma=2592000,h3-Q046=\":443\"; ma=2592000,h3-Q043=\":443\"; ma=2592000,quic=\":443\"; ma=2592000; v=\"46,43\"","accept-ranges":"none","transfer-encoding":"chunked"}
[debug] [2021-05-24T19:37:28.188Z] >>> HTTP REQUEST POST https://firebasehosting.googleapis.com/v1beta1/sites/clone-5ffb4/versions  
 {"config":{},"labels":{"deployment-tool":"cli-firebase"}}
[debug] [2021-05-24T19:37:30.160Z] <<< HTTP RESPONSE 200 {"content-type":"application/json; charset=UTF-8","vary":"X-Origin, Referer, Origin,Accept-Encoding","date":"Mon, 24 May 2021 19:37:30 GMT","server":"ESF","cache-control":"private","x-xss-protection":"0","x-frame-options":"SAMEORIGIN","x-content-type-options":"nosniff","alt-svc":"h3-29=\":443\"; ma=2592000,h3-T051=\":443\"; ma=2592000,h3-Q050=\":443\"; ma=2592000,h3-Q046=\":443\"; ma=2592000,h3-Q043=\":443\"; ma=2592000,quic=\":443\"; ma=2592000; v=\"46,43\"","accept-ranges":"none","transfer-encoding":"chunked"}
[info] i  hosting[clone-5ffb4]: beginning deploy... 
[info] i  hosting[clone-5ffb4]: found 23 files in build 
[debug] [2021-05-24T19:37:30.175Z] [hosting] hash cache [YnVpbGQ] not populated
[debug] [2021-05-24T19:37:30.284Z] > refreshing access token with scopes: []
[debug] [2021-05-24T19:37:30.284Z] >>> HTTP REQUEST POST https://www.googleapis.com/oauth2/v3/token  
 <request body omitted>
[debug] [2021-05-24T19:37:30.285Z] [hosting] hash cache [YnVpbGQ] stored for 23 files
[debug] [2021-05-24T19:37:30.286Z] [hosting][hash queue][FINAL] {"max":99,"min":13,"avg":19,"active":0,"complete":23,"success":23,"errored":0,"retried":0,"total":23,"elapsed":111}
[debug] [2021-05-24T19:37:30.488Z] <<< HTTP RESPONSE 200 {"date":"Mon, 24 May 2021 19:37:30 GMT","cache-control":"no-cache, no-store, max-age=0, must-revalidate","expires":"Mon, 01 Jan 1990 00:00:00 GMT","pragma":"no-cache","content-type":"application/json; charset=utf-8","vary":"X-Origin, Referer, Origin,Accept-Encoding","server":"scaffolding on HTTPServer2","x-xss-protection":"0","x-frame-options":"SAMEORIGIN","x-content-type-options":"nosniff","alt-svc":"h3-29=\":443\"; ma=2592000,h3-T051=\":443\"; ma=2592000,h3-Q050=\":443\"; ma=2592000,h3-Q046=\":443\"; ma=2592000,h3-Q043=\":443\"; ma=2592000,quic=\":443\"; ma=2592000; v=\"46,43\"","accept-ranges":"none","transfer-encoding":"chunked"}
[debug] [2021-05-24T19:37:30.506Z] >>> [apiv2][query] POST https://firebasehosting.googleapis.com/v1beta1/sites/clone-5ffb4/versions/5cc7c954e6ee7aa9:populateFiles [none]
[debug] [2021-05-24T19:37:30.506Z] >>> [apiv2][body] POST https://firebasehosting.googleapis.com/v1beta1/sites/clone-5ffb4/versions/5cc7c954e6ee7aa9:populateFiles {"files":{"/asset-manifest.json":"656e41fd7738846f0b41bffe8b0068cc5039e115568100ed425247380125964b","/favicon.ico":"b72f7455f00e4e58792d2bca892abb068e2213838c0316d6b7a0d6d16acd1955","/index.html":"50d5c4530455641cbe956386ef43a9d342d6df0de836290a60589e21dbcaa312","/manifest.json":"341d52628782f8ac9290bbfc43298afccb47b7cbfcee146ae30cf0f46bc30900","/robots.txt":"391d14b3c2f8c9143a27a28c7399585142228d4d1bdbe2c87ac946de411fa9a2","/static/css/main.dd7f1916.chunk.css":"baf409ca5625130dc4330fff1aa1cc67745441686a4d94214923b2d64c4ab906","/logo192.png":"caff018b7f1e8fd481eb1c50d75b0ef236bcd5078b1d15c8bb348453fee30293","/static/js/2.9c824616.chunk.js.LICENSE.txt":"bfbf3a4b9e414262e302b9c850733cb7cfafa9577cb62b814d04300a511215fc","/static/js/3.49073b36.chunk.js":"e5d279b37bf24b5d2c3f5573938a10c58c2765e75d1ce87318704deaf41f34e4","/static/css/main.dd7f1916.chunk.css.map":"a552b80127faf6e637fe18f75807996da4daa28de98688e0ad3cdf8edb878092","/static/js/main.e122ed7f.chunk.js":"6b99d03c3c15997c6136912182e7f18f9e2aae59b556d9196cca7a2a9d1fdf2c","/static/js/runtime-main.9bbedaaa.js":"516e161f2b8d300839d56a7336283bab8eadd10b0bb4d2cea8ca4f8d07c65c31","/static/js/3.49073b36.chunk.js.map":"c13a584978bf410ca43307e9946a92abaece1edde7affad25f3f8401528b1965","/logo512.png":"191fc21360b4ccfb1cda11a1efb97f489ed22672ca83f4064316802bbfdd750e","/static/media/amazon-2.a98f3502.svg":"6a2257125478e029a6d9ebbe41028d1e78ba99adca75b4bdb064a1071f73b7eb","/static/media/amazon-b.64f7e435.svg":"ee784212cc72578f3f82baf4cb011d7d404b8343912030a1d15acea43996c95e","/static/media/cart.42a9e190.svg":"ce2132187afbe7a47425a991cb01f8ab67a2b590a75758623637a54c4ca2cfcb","/static/js/main.e122ed7f.chunk.js.map":"721be8a081dcbb2395aaa30a075327a96355d6df5e8dd1eec4325fc6f5508c33","/static/media/location.45819163.svg":"0667c14c5b42c1e9981aa74631034d43996ab6ba10bfdc16f89b74936c443c62","/static/media/search.5a0cb893.svg":"0d44a4acee9332d037a048d99d5822ca72023c930dfd4ad450f9320169f72320","/static/js/runtime-main.9bbedaaa.js.map":"32111c2d482df875826cb66383acb5a4e7f3527ee1ce2f5eec169cc79ebe3d59","/static/js/2.9c824616.chunk.js":"fc1f2ae051ca4d6205d9310f69c0a75d88a5567262694eab2acd118b1c767938","/static/js/2.9c824616.chunk.js.map":"504cc32a901205cf8869b0eb1438c316e45765793596f2565d4900130efaa4f7"}}
[debug] [2021-05-24T19:37:32.221Z] <<< [apiv2][status] POST https://firebasehosting.googleapis.com/v1beta1/sites/clone-5ffb4/versions/5cc7c954e6ee7aa9:populateFiles 200
[debug] [2021-05-24T19:37:32.222Z] <<< [apiv2][body] POST https://firebasehosting.googleapis.com/v1beta1/sites/clone-5ffb4/versions/5cc7c954e6ee7aa9:populateFiles {"uploadRequiredHashes":["ee784212cc72578f3f82baf4cb011d7d404b8343912030a1d15acea43996c95e","6b99d03c3c15997c6136912182e7f18f9e2aae59b556d9196cca7a2a9d1fdf2c","fc1f2ae051ca4d6205d9310f69c0a75d88a5567262694eab2acd118b1c767938","ce2132187afbe7a47425a991cb01f8ab67a2b590a75758623637a54c4ca2cfcb","50d5c4530455641cbe956386ef43a9d342d6df0de836290a60589e21dbcaa312","191fc21360b4ccfb1cda11a1efb97f489ed22672ca83f4064316802bbfdd750e","32111c2d482df875826cb66383acb5a4e7f3527ee1ce2f5eec169cc79ebe3d59","baf409ca5625130dc4330fff1aa1cc67745441686a4d94214923b2d64c4ab906","341d52628782f8ac9290bbfc43298afccb47b7cbfcee146ae30cf0f46bc30900","caff018b7f1e8fd481eb1c50d75b0ef236bcd5078b1d15c8bb348453fee30293","721be8a081dcbb2395aaa30a075327a96355d6df5e8dd1eec4325fc6f5508c33","6a2257125478e029a6d9ebbe41028d1e78ba99adca75b4bdb064a1071f73b7eb","0667c14c5b42c1e9981aa74631034d43996ab6ba10bfdc16f89b74936c443c62","a552b80127faf6e637fe18f75807996da4daa28de98688e0ad3cdf8edb878092","504cc32a901205cf8869b0eb1438c316e45765793596f2565d4900130efaa4f7","516e161f2b8d300839d56a7336283bab8eadd10b0bb4d2cea8ca4f8d07c65c31","656e41fd7738846f0b41bffe8b0068cc5039e115568100ed425247380125964b","b72f7455f00e4e58792d2bca892abb068e2213838c0316d6b7a0d6d16acd1955","391d14b3c2f8c9143a27a28c7399585142228d4d1bdbe2c87ac946de411fa9a2","bfbf3a4b9e414262e302b9c850733cb7cfafa9577cb62b814d04300a511215fc","0d44a4acee9332d037a048d99d5822ca72023c930dfd4ad450f9320169f72320","e5d279b37bf24b5d2c3f5573938a10c58c2765e75d1ce87318704deaf41f34e4","c13a584978bf410ca43307e9946a92abaece1edde7affad25f3f8401528b1965"],"uploadUrl":"https://upload-firebasehosting.googleapis.com/upload/sites/clone-5ffb4/versions/5cc7c954e6ee7aa9/files"}
[debug] [2021-05-24T19:37:32.231Z] >>> [apiv2][query] POST https://upload-firebasehosting.googleapis.com/upload/sites/clone-5ffb4/versions/5cc7c954e6ee7aa9/files/ee784212cc72578f3f82baf4cb011d7d404b8343912030a1d15acea43996c95e [none]
[debug] [2021-05-24T19:37:32.231Z] >>> [apiv2][body] POST https://upload-firebasehosting.googleapis.com/upload/sites/clone-5ffb4/versions/5cc7c954e6ee7aa9/files/ee784212cc72578f3f82baf4cb011d7d404b8343912030a1d15acea43996c95e [stream]
[debug] [2021-05-24T19:37:32.237Z] >>> [apiv2][query] POST https://upload-firebasehosting.googleapis.com/upload/sites/clone-5ffb4/versions/5cc7c954e6ee7aa9/files/6b99d03c3c15997c6136912182e7f18f9e2aae59b556d9196cca7a2a9d1fdf2c [none]
[debug] [2021-05-24T19:37:32.237Z] >>> [apiv2][body] POST https://upload-firebasehosting.googleapis.com/upload/sites/clone-5ffb4/versions/5cc7c954e6ee7aa9/files/6b99d03c3c15997c6136912182e7f18f9e2aae59b556d9196cca7a2a9d1fdf2c [stream]
[debug] [2021-05-24T19:37:32.238Z] >>> [apiv2][query] POST https://upload-firebasehosting.googleapis.com/upload/sites/clone-5ffb4/versions/5cc7c954e6ee7aa9/files/fc1f2ae051ca4d6205d9310f69c0a75d88a5567262694eab2acd118b1c767938 [none]
[debug] [2021-05-24T19:37:32.238Z] >>> [apiv2][body] POST https://upload-firebasehosting.googleapis.com/upload/sites/clone-5ffb4/versions/5cc7c954e6ee7aa9/files/fc1f2ae051ca4d6205d9310f69c0a75d88a5567262694eab2acd118b1c767938 [stream]
[debug] [2021-05-24T19:37:32.239Z] >>> [apiv2][query] POST https://upload-firebasehosting.googleapis.com/upload/sites/clone-5ffb4/versions/5cc7c954e6ee7aa9/files/ce2132187afbe7a47425a991cb01f8ab67a2b590a75758623637a54c4ca2cfcb [none]
[debug] [2021-05-24T19:37:32.239Z] >>> [apiv2][body] POST https://upload-firebasehosting.googleapis.com/upload/sites/clone-5ffb4/versions/5cc7c954e6ee7aa9/files/ce2132187afbe7a47425a991cb01f8ab67a2b590a75758623637a54c4ca2cfcb [stream]
[debug] [2021-05-24T19:37:32.239Z] >>> [apiv2][query] POST https://upload-firebasehosting.googleapis.com/upload/sites/clone-5ffb4/versions/5cc7c954e6ee7aa9/files/50d5c4530455641cbe956386ef43a9d342d6df0de836290a60589e21dbcaa312 [none]
[debug] [2021-05-24T19:37:32.239Z] >>> [apiv2][body] POST https://upload-firebasehosting.googleapis.com/upload/sites/clone-5ffb4/versions/5cc7c954e6ee7aa9/files/50d5c4530455641cbe956386ef43a9d342d6df0de836290a60589e21dbcaa312 [stream]
[debug] [2021-05-24T19:37:32.240Z] >>> [apiv2][query] POST https://upload-firebasehosting.googleapis.com/upload/sites/clone-5ffb4/versions/5cc7c954e6ee7aa9/files/191fc21360b4ccfb1cda11a1efb97f489ed22672ca83f4064316802bbfdd750e [none]
[debug] [2021-05-24T19:37:32.240Z] >>> [apiv2][body] POST https://upload-firebasehosting.googleapis.com/upload/sites/clone-5ffb4/versions/5cc7c954e6ee7aa9/files/191fc21360b4ccfb1cda11a1efb97f489ed22672ca83f4064316802bbfdd750e [stream]
[debug] [2021-05-24T19:37:32.241Z] >>> [apiv2][query] POST https://upload-firebasehosting.googleapis.com/upload/sites/clone-5ffb4/versions/5cc7c954e6ee7aa9/files/32111c2d482df875826cb66383acb5a4e7f3527ee1ce2f5eec169cc79ebe3d59 [none]
[debug] [2021-05-24T19:37:32.241Z] >>> [apiv2][body] POST https://upload-firebasehosting.googleapis.com/upload/sites/clone-5ffb4/versions/5cc7c954e6ee7aa9/files/32111c2d482df875826cb66383acb5a4e7f3527ee1ce2f5eec169cc79ebe3d59 [stream]
[debug] [2021-05-24T19:37:32.242Z] >>> [apiv2][query] POST https://upload-firebasehosting.googleapis.com/upload/sites/clone-5ffb4/versions/5cc7c954e6ee7aa9/files/baf409ca5625130dc4330fff1aa1cc67745441686a4d94214923b2d64c4ab906 [none]
[debug] [2021-05-24T19:37:32.242Z] >>> [apiv2][body] POST https://upload-firebasehosting.googleapis.com/upload/sites/clone-5ffb4/versions/5cc7c954e6ee7aa9/files/baf409ca5625130dc4330fff1aa1cc67745441686a4d94214923b2d64c4ab906 [stream]
[debug] [2021-05-24T19:37:32.242Z] >>> [apiv2][query] POST https://upload-firebasehosting.googleapis.com/upload/sites/clone-5ffb4/versions/5cc7c954e6ee7aa9/files/341d52628782f8ac9290bbfc43298afccb47b7cbfcee146ae30cf0f46bc30900 [none]
[debug] [2021-05-24T19:37:32.242Z] >>> [apiv2][body] POST https://upload-firebasehosting.googleapis.com/upload/sites/clone-5ffb4/versions/5cc7c954e6ee7aa9/files/341d52628782f8ac9290bbfc43298afccb47b7cbfcee146ae30cf0f46bc30900 [stream]
[debug] [2021-05-24T19:37:32.243Z] >>> [apiv2][query] POST https://upload-firebasehosting.googleapis.com/upload/sites/clone-5ffb4/versions/5cc7c954e6ee7aa9/files/caff018b7f1e8fd481eb1c50d75b0ef236bcd5078b1d15c8bb348453fee30293 [none]
[debug] [2021-05-24T19:37:32.244Z] >>> [apiv2][body] POST https://upload-firebasehosting.googleapis.com/upload/sites/clone-5ffb4/versions/5cc7c954e6ee7aa9/files/caff018b7f1e8fd481eb1c50d75b0ef236bcd5078b1d15c8bb348453fee30293 [stream]
[debug] [2021-05-24T19:37:32.245Z] >>> [apiv2][query] POST https://upload-firebasehosting.googleapis.com/upload/sites/clone-5ffb4/versions/5cc7c954e6ee7aa9/files/721be8a081dcbb2395aaa30a075327a96355d6df5e8dd1eec4325fc6f5508c33 [none]
[debug] [2021-05-24T19:37:32.245Z] >>> [apiv2][body] POST https://upload-firebasehosting.googleapis.com/upload/sites/clone-5ffb4/versions/5cc7c954e6ee7aa9/files/721be8a081dcbb2395aaa30a075327a96355d6df5e8dd1eec4325fc6f5508c33 [stream]
[debug] [2021-05-24T19:37:32.245Z] >>> [apiv2][query] POST https://upload-firebasehosting.googleapis.com/upload/sites/clone-5ffb4/versions/5cc7c954e6ee7aa9/files/6a2257125478e029a6d9ebbe41028d1e78ba99adca75b4bdb064a1071f73b7eb [none]
[debug] [2021-05-24T19:37:32.246Z] >>> [apiv2][body] POST https://upload-firebasehosting.googleapis.com/upload/sites/clone-5ffb4/versions/5cc7c954e6ee7aa9/files/6a2257125478e029a6d9ebbe41028d1e78ba99adca75b4bdb064a1071f73b7eb [stream]
[debug] [2021-05-24T19:37:32.247Z] >>> [apiv2][query] POST https://upload-firebasehosting.googleapis.com/upload/sites/clone-5ffb4/versions/5cc7c954e6ee7aa9/files/0667c14c5b42c1e9981aa74631034d43996ab6ba10bfdc16f89b74936c443c62 [none]
[debug] [2021-05-24T19:37:32.247Z] >>> [apiv2][body] POST https://upload-firebasehosting.googleapis.com/upload/sites/clone-5ffb4/versions/5cc7c954e6ee7aa9/files/0667c14c5b42c1e9981aa74631034d43996ab6ba10bfdc16f89b74936c443c62 [stream]
[debug] [2021-05-24T19:37:32.248Z] >>> [apiv2][query] POST https://upload-firebasehosting.googleapis.com/upload/sites/clone-5ffb4/versions/5cc7c954e6ee7aa9/files/a552b80127faf6e637fe18f75807996da4daa28de98688e0ad3cdf8edb878092 [none]
[debug] [2021-05-24T19:37:32.248Z] >>> [apiv2][body] POST https://upload-firebasehosting.googleapis.com/upload/sites/clone-5ffb4/versions/5cc7c954e6ee7aa9/files/a552b80127faf6e637fe18f75807996da4daa28de98688e0ad3cdf8edb878092 [stream]
[debug] [2021-05-24T19:37:32.249Z] >>> [apiv2][query] POST https://upload-firebasehosting.googleapis.com/upload/sites/clone-5ffb4/versions/5cc7c954e6ee7aa9/files/504cc32a901205cf8869b0eb1438c316e45765793596f2565d4900130efaa4f7 [none]
[debug] [2021-05-24T19:37:32.249Z] >>> [apiv2][body] POST https://upload-firebasehosting.googleapis.com/upload/sites/clone-5ffb4/versions/5cc7c954e6ee7aa9/files/504cc32a901205cf8869b0eb1438c316e45765793596f2565d4900130efaa4f7 [stream]
[debug] [2021-05-24T19:37:32.250Z] >>> [apiv2][query] POST https://upload-firebasehosting.googleapis.com/upload/sites/clone-5ffb4/versions/5cc7c954e6ee7aa9/files/516e161f2b8d300839d56a7336283bab8eadd10b0bb4d2cea8ca4f8d07c65c31 [none]
[debug] [2021-05-24T19:37:32.250Z] >>> [apiv2][body] POST https://upload-firebasehosting.googleapis.com/upload/sites/clone-5ffb4/versions/5cc7c954e6ee7aa9/files/516e161f2b8d300839d56a7336283bab8eadd10b0bb4d2cea8ca4f8d07c65c31 [stream]
[debug] [2021-05-24T19:37:32.251Z] >>> [apiv2][query] POST https://upload-firebasehosting.googleapis.com/upload/sites/clone-5ffb4/versions/5cc7c954e6ee7aa9/files/656e41fd7738846f0b41bffe8b0068cc5039e115568100ed425247380125964b [none]
[debug] [2021-05-24T19:37:32.251Z] >>> [apiv2][body] POST https://upload-firebasehosting.googleapis.com/upload/sites/clone-5ffb4/versions/5cc7c954e6ee7aa9/files/656e41fd7738846f0b41bffe8b0068cc5039e115568100ed425247380125964b [stream]
[debug] [2021-05-24T19:37:32.252Z] >>> [apiv2][query] POST https://upload-firebasehosting.googleapis.com/upload/sites/clone-5ffb4/versions/5cc7c954e6ee7aa9/files/b72f7455f00e4e58792d2bca892abb068e2213838c0316d6b7a0d6d16acd1955 [none]
[debug] [2021-05-24T19:37:32.252Z] >>> [apiv2][body] POST https://upload-firebasehosting.googleapis.com/upload/sites/clone-5ffb4/versions/5cc7c954e6ee7aa9/files/b72f7455f00e4e58792d2bca892abb068e2213838c0316d6b7a0d6d16acd1955 [stream]
[debug] [2021-05-24T19:37:32.254Z] >>> [apiv2][query] POST https://upload-firebasehosting.googleapis.com/upload/sites/clone-5ffb4/versions/5cc7c954e6ee7aa9/files/391d14b3c2f8c9143a27a28c7399585142228d4d1bdbe2c87ac946de411fa9a2 [none]
[debug] [2021-05-24T19:37:32.254Z] >>> [apiv2][body] POST https://upload-firebasehosting.googleapis.com/upload/sites/clone-5ffb4/versions/5cc7c954e6ee7aa9/files/391d14b3c2f8c9143a27a28c7399585142228d4d1bdbe2c87ac946de411fa9a2 [stream]
[debug] [2021-05-24T19:37:32.255Z] >>> [apiv2][query] POST https://upload-firebasehosting.googleapis.com/upload/sites/clone-5ffb4/versions/5cc7c954e6ee7aa9/files/bfbf3a4b9e414262e302b9c850733cb7cfafa9577cb62b814d04300a511215fc [none]
[debug] [2021-05-24T19:37:32.255Z] >>> [apiv2][body] POST https://upload-firebasehosting.googleapis.com/upload/sites/clone-5ffb4/versions/5cc7c954e6ee7aa9/files/bfbf3a4b9e414262e302b9c850733cb7cfafa9577cb62b814d04300a511215fc [stream]
[debug] [2021-05-24T19:37:32.256Z] >>> [apiv2][query] POST https://upload-firebasehosting.googleapis.com/upload/sites/clone-5ffb4/versions/5cc7c954e6ee7aa9/files/0d44a4acee9332d037a048d99d5822ca72023c930dfd4ad450f9320169f72320 [none]
[debug] [2021-05-24T19:37:32.256Z] >>> [apiv2][body] POST https://upload-firebasehosting.googleapis.com/upload/sites/clone-5ffb4/versions/5cc7c954e6ee7aa9/files/0d44a4acee9332d037a048d99d5822ca72023c930dfd4ad450f9320169f72320 [stream]
[debug] [2021-05-24T19:37:32.257Z] >>> [apiv2][query] POST https://upload-firebasehosting.googleapis.com/upload/sites/clone-5ffb4/versions/5cc7c954e6ee7aa9/files/e5d279b37bf24b5d2c3f5573938a10c58c2765e75d1ce87318704deaf41f34e4 [none]
[debug] [2021-05-24T19:37:32.257Z] >>> [apiv2][body] POST https://upload-firebasehosting.googleapis.com/upload/sites/clone-5ffb4/versions/5cc7c954e6ee7aa9/files/e5d279b37bf24b5d2c3f5573938a10c58c2765e75d1ce87318704deaf41f34e4 [stream]
[debug] [2021-05-24T19:37:32.257Z] >>> [apiv2][query] POST https://upload-firebasehosting.googleapis.com/upload/sites/clone-5ffb4/versions/5cc7c954e6ee7aa9/files/c13a584978bf410ca43307e9946a92abaece1edde7affad25f3f8401528b1965 [none]
[debug] [2021-05-24T19:37:32.258Z] >>> [apiv2][body] POST https://upload-firebasehosting.googleapis.com/upload/sites/clone-5ffb4/versions/5cc7c954e6ee7aa9/files/c13a584978bf410ca43307e9946a92abaece1edde7affad25f3f8401528b1965 [stream]
[debug] [2021-05-24T19:37:32.258Z] [hosting][populate queue][FINAL] {"max":1947,"min":1947,"avg":1947,"active":0,"complete":1,"success":1,"errored":0,"retried":0,"total":1,"elapsed":1974}
[debug] [2021-05-24T19:37:32.259Z] [hosting] uploads queued: 23
[debug] [2021-05-24T19:37:34.092Z] <<< [apiv2][status] POST https://upload-firebasehosting.googleapis.com/upload/sites/clone-5ffb4/versions/5cc7c954e6ee7aa9/files/32111c2d482df875826cb66383acb5a4e7f3527ee1ce2f5eec169cc79ebe3d59 200
[debug] [2021-05-24T19:37:34.092Z] <<< [apiv2][body] POST https://upload-firebasehosting.googleapis.com/upload/sites/clone-5ffb4/versions/5cc7c954e6ee7aa9/files/32111c2d482df875826cb66383acb5a4e7f3527ee1ce2f5eec169cc79ebe3d59 [stream]
[debug] [2021-05-24T19:37:34.522Z] <<< [apiv2][status] POST https://upload-firebasehosting.googleapis.com/upload/sites/clone-5ffb4/versions/5cc7c954e6ee7aa9/files/caff018b7f1e8fd481eb1c50d75b0ef236bcd5078b1d15c8bb348453fee30293 200
[debug] [2021-05-24T19:37:34.522Z] <<< [apiv2][body] POST https://upload-firebasehosting.googleapis.com/upload/sites/clone-5ffb4/versions/5cc7c954e6ee7aa9/files/caff018b7f1e8fd481eb1c50d75b0ef236bcd5078b1d15c8bb348453fee30293 [stream]
[debug] [2021-05-24T19:37:35.070Z] <<< [apiv2][status] POST https://upload-firebasehosting.googleapis.com/upload/sites/clone-5ffb4/versions/5cc7c954e6ee7aa9/files/0d44a4acee9332d037a048d99d5822ca72023c930dfd4ad450f9320169f72320 200
[debug] [2021-05-24T19:37:35.070Z] <<< [apiv2][body] POST https://upload-firebasehosting.googleapis.com/upload/sites/clone-5ffb4/versions/5cc7c954e6ee7aa9/files/0d44a4acee9332d037a048d99d5822ca72023c930dfd4ad450f9320169f72320 [stream]
[debug] [2021-05-24T19:37:35.090Z] <<< [apiv2][status] POST https://upload-firebasehosting.googleapis.com/upload/sites/clone-5ffb4/versions/5cc7c954e6ee7aa9/files/bfbf3a4b9e414262e302b9c850733cb7cfafa9577cb62b814d04300a511215fc 200
[debug] [2021-05-24T19:37:35.090Z] <<< [apiv2][body] POST https://upload-firebasehosting.googleapis.com/upload/sites/clone-5ffb4/versions/5cc7c954e6ee7aa9/files/bfbf3a4b9e414262e302b9c850733cb7cfafa9577cb62b814d04300a511215fc [stream]
[debug] [2021-05-24T19:37:35.092Z] <<< [apiv2][status] POST https://upload-firebasehosting.googleapis.com/upload/sites/clone-5ffb4/versions/5cc7c954e6ee7aa9/files/341d52628782f8ac9290bbfc43298afccb47b7cbfcee146ae30cf0f46bc30900 200
[debug] [2021-05-24T19:37:35.092Z] <<< [apiv2][body] POST https://upload-firebasehosting.googleapis.com/upload/sites/clone-5ffb4/versions/5cc7c954e6ee7aa9/files/341d52628782f8ac9290bbfc43298afccb47b7cbfcee146ae30cf0f46bc30900 [stream]
[debug] [2021-05-24T19:37:35.092Z] <<< [apiv2][status] POST https://upload-firebasehosting.googleapis.com/upload/sites/clone-5ffb4/versions/5cc7c954e6ee7aa9/files/391d14b3c2f8c9143a27a28c7399585142228d4d1bdbe2c87ac946de411fa9a2 200
[debug] [2021-05-24T19:37:35.092Z] <<< [apiv2][body] POST https://upload-firebasehosting.googleapis.com/upload/sites/clone-5ffb4/versions/5cc7c954e6ee7aa9/files/391d14b3c2f8c9143a27a28c7399585142228d4d1bdbe2c87ac946de411fa9a2 [stream]
[debug] [2021-05-24T19:37:35.116Z] <<< [apiv2][status] POST https://upload-firebasehosting.googleapis.com/upload/sites/clone-5ffb4/versions/5cc7c954e6ee7aa9/files/b72f7455f00e4e58792d2bca892abb068e2213838c0316d6b7a0d6d16acd1955 200
[debug] [2021-05-24T19:37:35.117Z] <<< [apiv2][body] POST https://upload-firebasehosting.googleapis.com/upload/sites/clone-5ffb4/versions/5cc7c954e6ee7aa9/files/b72f7455f00e4e58792d2bca892abb068e2213838c0316d6b7a0d6d16acd1955 [stream]
[debug] [2021-05-24T19:37:35.125Z] <<< [apiv2][status] POST https://upload-firebasehosting.googleapis.com/upload/sites/clone-5ffb4/versions/5cc7c954e6ee7aa9/files/c13a584978bf410ca43307e9946a92abaece1edde7affad25f3f8401528b1965 200
[debug] [2021-05-24T19:37:35.125Z] <<< [apiv2][body] POST https://upload-firebasehosting.googleapis.com/upload/sites/clone-5ffb4/versions/5cc7c954e6ee7aa9/files/c13a584978bf410ca43307e9946a92abaece1edde7affad25f3f8401528b1965 [stream]
[debug] [2021-05-24T19:37:35.134Z] <<< [apiv2][status] POST https://upload-firebasehosting.googleapis.com/upload/sites/clone-5ffb4/versions/5cc7c954e6ee7aa9/files/50d5c4530455641cbe956386ef43a9d342d6df0de836290a60589e21dbcaa312 200
[debug] [2021-05-24T19:37:35.134Z] <<< [apiv2][body] POST https://upload-firebasehosting.googleapis.com/upload/sites/clone-5ffb4/versions/5cc7c954e6ee7aa9/files/50d5c4530455641cbe956386ef43a9d342d6df0de836290a60589e21dbcaa312 [stream]
[debug] [2021-05-24T19:37:35.146Z] <<< [apiv2][status] POST https://upload-firebasehosting.googleapis.com/upload/sites/clone-5ffb4/versions/5cc7c954e6ee7aa9/files/6a2257125478e029a6d9ebbe41028d1e78ba99adca75b4bdb064a1071f73b7eb 200
[debug] [2021-05-24T19:37:35.146Z] <<< [apiv2][body] POST https://upload-firebasehosting.googleapis.com/upload/sites/clone-5ffb4/versions/5cc7c954e6ee7aa9/files/6a2257125478e029a6d9ebbe41028d1e78ba99adca75b4bdb064a1071f73b7eb [stream]
[debug] [2021-05-24T19:37:35.147Z] <<< [apiv2][status] POST https://upload-firebasehosting.googleapis.com/upload/sites/clone-5ffb4/versions/5cc7c954e6ee7aa9/files/721be8a081dcbb2395aaa30a075327a96355d6df5e8dd1eec4325fc6f5508c33 200
[debug] [2021-05-24T19:37:35.147Z] <<< [apiv2][body] POST https://upload-firebasehosting.googleapis.com/upload/sites/clone-5ffb4/versions/5cc7c954e6ee7aa9/files/721be8a081dcbb2395aaa30a075327a96355d6df5e8dd1eec4325fc6f5508c33 [stream]
[debug] [2021-05-24T19:37:35.161Z] <<< [apiv2][status] POST https://upload-firebasehosting.googleapis.com/upload/sites/clone-5ffb4/versions/5cc7c954e6ee7aa9/files/baf409ca5625130dc4330fff1aa1cc67745441686a4d94214923b2d64c4ab906 200
[debug] [2021-05-24T19:37:35.161Z] <<< [apiv2][body] POST https://upload-firebasehosting.googleapis.com/upload/sites/clone-5ffb4/versions/5cc7c954e6ee7aa9/files/baf409ca5625130dc4330fff1aa1cc67745441686a4d94214923b2d64c4ab906 [stream]
[debug] [2021-05-24T19:37:35.163Z] <<< [apiv2][status] POST https://upload-firebasehosting.googleapis.com/upload/sites/clone-5ffb4/versions/5cc7c954e6ee7aa9/files/656e41fd7738846f0b41bffe8b0068cc5039e115568100ed425247380125964b 200
[debug] [2021-05-24T19:37:35.163Z] <<< [apiv2][body] POST https://upload-firebasehosting.googleapis.com/upload/sites/clone-5ffb4/versions/5cc7c954e6ee7aa9/files/656e41fd7738846f0b41bffe8b0068cc5039e115568100ed425247380125964b [stream]
[debug] [2021-05-24T19:37:35.164Z] <<< [apiv2][status] POST https://upload-firebasehosting.googleapis.com/upload/sites/clone-5ffb4/versions/5cc7c954e6ee7aa9/files/a552b80127faf6e637fe18f75807996da4daa28de98688e0ad3cdf8edb878092 200
[debug] [2021-05-24T19:37:35.164Z] <<< [apiv2][body] POST https://upload-firebasehosting.googleapis.com/upload/sites/clone-5ffb4/versions/5cc7c954e6ee7aa9/files/a552b80127faf6e637fe18f75807996da4daa28de98688e0ad3cdf8edb878092 [stream]
[debug] [2021-05-24T19:37:35.179Z] <<< [apiv2][status] POST https://upload-firebasehosting.googleapis.com/upload/sites/clone-5ffb4/versions/5cc7c954e6ee7aa9/files/ee784212cc72578f3f82baf4cb011d7d404b8343912030a1d15acea43996c95e 200
[debug] [2021-05-24T19:37:35.179Z] <<< [apiv2][body] POST https://upload-firebasehosting.googleapis.com/upload/sites/clone-5ffb4/versions/5cc7c954e6ee7aa9/files/ee784212cc72578f3f82baf4cb011d7d404b8343912030a1d15acea43996c95e [stream]
[debug] [2021-05-24T19:37:35.181Z] <<< [apiv2][status] POST https://upload-firebasehosting.googleapis.com/upload/sites/clone-5ffb4/versions/5cc7c954e6ee7aa9/files/0667c14c5b42c1e9981aa74631034d43996ab6ba10bfdc16f89b74936c443c62 200
[debug] [2021-05-24T19:37:35.181Z] <<< [apiv2][body] POST https://upload-firebasehosting.googleapis.com/upload/sites/clone-5ffb4/versions/5cc7c954e6ee7aa9/files/0667c14c5b42c1e9981aa74631034d43996ab6ba10bfdc16f89b74936c443c62 [stream]
[debug] [2021-05-24T19:37:35.182Z] <<< [apiv2][status] POST https://upload-firebasehosting.googleapis.com/upload/sites/clone-5ffb4/versions/5cc7c954e6ee7aa9/files/516e161f2b8d300839d56a7336283bab8eadd10b0bb4d2cea8ca4f8d07c65c31 200
[debug] [2021-05-24T19:37:35.182Z] <<< [apiv2][body] POST https://upload-firebasehosting.googleapis.com/upload/sites/clone-5ffb4/versions/5cc7c954e6ee7aa9/files/516e161f2b8d300839d56a7336283bab8eadd10b0bb4d2cea8ca4f8d07c65c31 [stream]
[debug] [2021-05-24T19:37:35.183Z] <<< [apiv2][status] POST https://upload-firebasehosting.googleapis.com/upload/sites/clone-5ffb4/versions/5cc7c954e6ee7aa9/files/191fc21360b4ccfb1cda11a1efb97f489ed22672ca83f4064316802bbfdd750e 200
[debug] [2021-05-24T19:37:35.183Z] <<< [apiv2][body] POST https://upload-firebasehosting.googleapis.com/upload/sites/clone-5ffb4/versions/5cc7c954e6ee7aa9/files/191fc21360b4ccfb1cda11a1efb97f489ed22672ca83f4064316802bbfdd750e [stream]
[debug] [2021-05-24T19:37:35.208Z] <<< [apiv2][status] POST https://upload-firebasehosting.googleapis.com/upload/sites/clone-5ffb4/versions/5cc7c954e6ee7aa9/files/ce2132187afbe7a47425a991cb01f8ab67a2b590a75758623637a54c4ca2cfcb 200
[debug] [2021-05-24T19:37:35.208Z] <<< [apiv2][body] POST https://upload-firebasehosting.googleapis.com/upload/sites/clone-5ffb4/versions/5cc7c954e6ee7aa9/files/ce2132187afbe7a47425a991cb01f8ab67a2b590a75758623637a54c4ca2cfcb [stream]
[debug] [2021-05-24T19:37:35.227Z] <<< [apiv2][status] POST https://upload-firebasehosting.googleapis.com/upload/sites/clone-5ffb4/versions/5cc7c954e6ee7aa9/files/e5d279b37bf24b5d2c3f5573938a10c58c2765e75d1ce87318704deaf41f34e4 200
[debug] [2021-05-24T19:37:35.228Z] <<< [apiv2][body] POST https://upload-firebasehosting.googleapis.com/upload/sites/clone-5ffb4/versions/5cc7c954e6ee7aa9/files/e5d279b37bf24b5d2c3f5573938a10c58c2765e75d1ce87318704deaf41f34e4 [stream]
[debug] [2021-05-24T19:37:35.233Z] <<< [apiv2][status] POST https://upload-firebasehosting.googleapis.com/upload/sites/clone-5ffb4/versions/5cc7c954e6ee7aa9/files/fc1f2ae051ca4d6205d9310f69c0a75d88a5567262694eab2acd118b1c767938 200
[debug] [2021-05-24T19:37:35.233Z] <<< [apiv2][body] POST https://upload-firebasehosting.googleapis.com/upload/sites/clone-5ffb4/versions/5cc7c954e6ee7aa9/files/fc1f2ae051ca4d6205d9310f69c0a75d88a5567262694eab2acd118b1c767938 [stream]
[debug] [2021-05-24T19:37:35.240Z] <<< [apiv2][status] POST https://upload-firebasehosting.googleapis.com/upload/sites/clone-5ffb4/versions/5cc7c954e6ee7aa9/files/6b99d03c3c15997c6136912182e7f18f9e2aae59b556d9196cca7a2a9d1fdf2c 200
[debug] [2021-05-24T19:37:35.240Z] <<< [apiv2][body] POST https://upload-firebasehosting.googleapis.com/upload/sites/clone-5ffb4/versions/5cc7c954e6ee7aa9/files/6b99d03c3c15997c6136912182e7f18f9e2aae59b556d9196cca7a2a9d1fdf2c [stream]
[debug] [2021-05-24T19:37:35.448Z] <<< [apiv2][status] POST https://upload-firebasehosting.googleapis.com/upload/sites/clone-5ffb4/versions/5cc7c954e6ee7aa9/files/504cc32a901205cf8869b0eb1438c316e45765793596f2565d4900130efaa4f7 200
[debug] [2021-05-24T19:37:35.448Z] <<< [apiv2][body] POST https://upload-firebasehosting.googleapis.com/upload/sites/clone-5ffb4/versions/5cc7c954e6ee7aa9/files/504cc32a901205cf8869b0eb1438c316e45765793596f2565d4900130efaa4f7 [stream]
[debug] [2021-05-24T19:37:35.449Z] [hosting][upload queue][FINAL] {"max":3224,"min":1868,"avg":2870.8695652173915,"active":0,"complete":23,"success":23,"errored":0,"retried":0,"total":23,"elapsed":3227}
[info] ✔  hosting[clone-5ffb4]: file upload complete 
[debug] [2021-05-24T19:37:35.450Z] [hosting] deploy completed after 5289ms
[debug] [2021-05-24T19:37:35.453Z] [
  {
    "config": {
      "public": "build",
      "ignore": [
        "firebase.json",
        "**/.*",
        "**/node_modules/**"
      ],
      "site": "clone-5ffb4"
    },
    "site": "clone-5ffb4",
    "version": "sites/clone-5ffb4/versions/5cc7c954e6ee7aa9"
  }
]
[info] i  hosting[clone-5ffb4]: finalizing version... 
[debug] [2021-05-24T19:37:35.454Z] > refreshing access token with scopes: ["email","https://www.googleapis.com/auth/cloud-platform","https://www.googleapis.com/auth/cloudplatformprojects.readonly","https://www.googleapis.com/auth/firebase","openid"]
[debug] [2021-05-24T19:37:35.454Z] >>> HTTP REQUEST POST https://www.googleapis.com/oauth2/v3/token  
 <request body omitted>
[debug] [2021-05-24T19:37:35.651Z] <<< HTTP RESPONSE 200 {"pragma":"no-cache","date":"Mon, 24 May 2021 19:37:35 GMT","expires":"Mon, 01 Jan 1990 00:00:00 GMT","cache-control":"no-cache, no-store, max-age=0, must-revalidate","content-type":"application/json; charset=utf-8","vary":"X-Origin, Referer, Origin,Accept-Encoding","server":"scaffolding on HTTPServer2","x-xss-protection":"0","x-frame-options":"SAMEORIGIN","x-content-type-options":"nosniff","alt-svc":"h3-29=\":443\"; ma=2592000,h3-T051=\":443\"; ma=2592000,h3-Q050=\":443\"; ma=2592000,h3-Q046=\":443\"; ma=2592000,h3-Q043=\":443\"; ma=2592000,quic=\":443\"; ma=2592000; v=\"46,43\"","accept-ranges":"none","transfer-encoding":"chunked"}
[debug] [2021-05-24T19:37:35.664Z] >>> HTTP REQUEST PATCH https://firebasehosting.googleapis.com/v1beta1/sites/clone-5ffb4/versions/5cc7c954e6ee7aa9?updateMask=status  
 {"status":"FINALIZED"}
[debug] [2021-05-24T19:37:38.448Z] <<< HTTP RESPONSE 200 {"content-type":"application/json; charset=UTF-8","vary":"X-Origin, Referer, Origin,Accept-Encoding","date":"Mon, 24 May 2021 19:37:38 GMT","server":"ESF","cache-control":"private","x-xss-protection":"0","x-frame-options":"SAMEORIGIN","x-content-type-options":"nosniff","alt-svc":"h3-29=\":443\"; ma=2592000,h3-T051=\":443\"; ma=2592000,h3-Q050=\":443\"; ma=2592000,h3-Q046=\":443\"; ma=2592000,h3-Q043=\":443\"; ma=2592000,quic=\":443\"; ma=2592000; v=\"46,43\"","accept-ranges":"none","transfer-encoding":"chunked"}
[debug] [2021-05-24T19:37:38.448Z] [hosting] finalized version for clone-5ffb4: {"name":"sites/clone-5ffb4/versions/5cc7c954e6ee7aa9","status":"FINALIZED","config":{},"labels":{"deployment-tool":"cli-firebase"},"createTime":"2021-05-24T19:37:29.780957Z","createUser":{"email":"zadfiyamilan112@gmail.com"},"finalizeTime":"2021-05-24T19:37:38.206651Z","finalizeUser":{"email":"zadfiyamilan112@gmail.com"}}
[info] ✔  hosting[clone-5ffb4]: version finalized 
[info] i  hosting[clone-5ffb4]: releasing new version... 
[debug] [2021-05-24T19:37:38.449Z] >>> HTTP REQUEST POST https://firebasehosting.googleapis.com/v1beta1/sites/clone-5ffb4/releases?version_name=sites/clone-5ffb4/versions/5cc7c954e6ee7aa9  
 {"message":null}
